{
  "RSpec": {
    "coverage": {
      "/Users/thomas.lightfoot/Projects/Week-Six/makers-bnb/spec/setup_test_database.rb": [
        null,
        null,
        1,
        31,
        null,
        31,
        null,
        31,
        null,
        31,
        null
      ],
      "/Users/thomas.lightfoot/Projects/Week-Six/makers-bnb/spec/booking_spec.rb": [
        1,
        null,
        1,
        1,
        4,
        null,
        null,
        null,
        null,
        null,
        4,
        null,
        null,
        null,
        null,
        null,
        4,
        null,
        null,
        null,
        null,
        null,
        4,
        null,
        null,
        null,
        null,
        null,
        1,
        1,
        null,
        1,
        null,
        1,
        1,
        1,
        1,
        1,
        null,
        null,
        null,
        1,
        1,
        1,
        null,
        null,
        null,
        null,
        null,
        1,
        null,
        null,
        null,
        null,
        null,
        1,
        null,
        null,
        null,
        1,
        null,
        null,
        null,
        null,
        null,
        1,
        null,
        1,
        1,
        1,
        1,
        1,
        1,
        null,
        null,
        1,
        1,
        null,
        null,
        null,
        1,
        1,
        1,
        null,
        null,
        null,
        null,
        null,
        1,
        null,
        null,
        null,
        null,
        1,
        null,
        null,
        null,
        null,
        1,
        null,
        1,
        1,
        1,
        null,
        1,
        1,
        1,
        null,
        null,
        null
      ],
      "/Users/thomas.lightfoot/Projects/Week-Six/makers-bnb/lib/booking.rb": [
        1,
        1,
        null,
        1,
        11,
        11,
        11,
        11,
        11,
        null,
        null,
        1,
        8,
        null,
        null,
        null,
        8,
        null,
        null,
        null,
        null,
        null,
        null,
        null,
        1,
        1,
        null,
        1,
        null,
        1,
        2,
        null,
        null,
        null,
        null,
        null,
        null,
        null,
        null,
        1,
        1,
        null,
        1,
        null,
        null,
        null,
        null,
        null,
        null,
        1,
        null,
        null,
        null,
        null,
        null,
        null,
        null,
        1,
        null,
        null,
        null,
        null,
        null,
        null
      ],
      "/Users/thomas.lightfoot/Projects/Week-Six/makers-bnb/spec/database_connection_spec.rb": [
        1,
        null,
        1,
        1,
        1,
        1,
        null,
        1,
        null,
        null,
        1,
        1,
        null,
        1,
        null,
        null,
        null,
        1,
        1,
        1,
        null,
        1,
        null,
        1,
        null,
        null,
        null
      ],
      "/Users/thomas.lightfoot/Projects/Week-Six/makers-bnb/spec/features/infrastructure_spec.rb": [
        1,
        1,
        1,
        1,
        null,
        null
      ],
      "/Users/thomas.lightfoot/Projects/Week-Six/makers-bnb/spec/features/new_space_spec.rb": [
        1,
        1,
        1,
        null,
        null,
        null,
        null,
        null,
        1,
        1,
        1,
        1,
        1,
        1,
        1,
        1,
        1,
        1,
        null,
        null
      ],
      "/Users/thomas.lightfoot/Projects/Week-Six/makers-bnb/spec/features/sign_in_spec.rb": [
        1,
        1,
        4,
        null,
        null,
        null,
        null,
        null,
        null,
        1,
        1,
        1,
        1,
        1,
        null,
        1,
        null,
        null,
        1,
        1,
        1,
        1,
        1,
        null,
        1,
        1,
        null,
        null,
        1,
        1,
        1,
        1,
        1,
        null,
        1,
        1,
        null,
        null,
        1,
        1,
        1,
        1,
        1,
        null,
        1,
        null,
        1,
        1,
        null,
        null
      ],
      "/Users/thomas.lightfoot/Projects/Week-Six/makers-bnb/spec/features/spaces_spec.rb": [
        1,
        1,
        1,
        null,
        null,
        null,
        null,
        null,
        1,
        1,
        1,
        1,
        null,
        1,
        1,
        1,
        null,
        null
      ],
      "/Users/thomas.lightfoot/Projects/Week-Six/makers-bnb/spec/features/user_registration_spec.rb": [
        1,
        1,
        1,
        1,
        1,
        1,
        1,
        1,
        1,
        null,
        1,
        null,
        null,
        1,
        1,
        1,
        1,
        1,
        1,
        1,
        1,
        null,
        1,
        1,
        1,
        1,
        1,
        1,
        1,
        null,
        null,
        1,
        null,
        null,
        null,
        null
      ],
      "/Users/thomas.lightfoot/Projects/Week-Six/makers-bnb/spec/space_spec.rb": [
        1,
        null,
        1,
        null,
        1,
        7,
        null,
        null,
        null,
        null,
        null,
        null,
        null,
        7,
        null,
        null,
        null,
        null,
        null,
        7,
        null,
        null,
        null,
        null,
        null,
        null,
        null,
        7,
        null,
        null,
        null,
        null,
        null,
        null,
        null,
        null,
        1,
        1,
        null,
        null,
        1,
        1,
        1,
        null,
        null,
        1,
        1,
        null,
        null,
        1,
        1,
        null,
        null,
        1,
        1,
        null,
        null,
        1,
        1,
        null,
        null,
        1,
        1,
        null,
        null,
        null,
        null,
        1,
        null,
        null,
        null,
        null,
        null,
        1,
        null,
        1,
        null,
        null
      ],
      "/Users/thomas.lightfoot/Projects/Week-Six/makers-bnb/spec/user_spec.rb": [
        1,
        1,
        null,
        1,
        1,
        8,
        null,
        null,
        null,
        null,
        null,
        null,
        1,
        1,
        null,
        1,
        null,
        1,
        1,
        1,
        1,
        1,
        1,
        null,
        null,
        null,
        1,
        1,
        null,
        1,
        null,
        1,
        1,
        1,
        1,
        1,
        null,
        null,
        1,
        1,
        null,
        null,
        null,
        1,
        1,
        1,
        null,
        null,
        1,
        1,
        null,
        null,
        1,
        null,
        1,
        null,
        1,
        null,
        null,
        null,
        1,
        1,
        1,
        null,
        1,
        null,
        1,
        null,
        null,
        1,
        1,
        null,
        null,
        null
      ],
      "/Users/thomas.lightfoot/Projects/Week-Six/makers-bnb/spec/database_helper.rb": [
        1,
        null,
        1,
        5,
        5,
        null
      ]
    },
    "timestamp": 1541687994
  }
}
