{
  "RSpec": {
    "coverage": {
      "/Users/thomas.lightfoot/Projects/Week-Six/makers-bnb/spec/setup_test_database.rb": [
        null,
        null,
        1,
        12,
        null,
        12,
        null,
        12,
        null,
        null,
        null,
        null
      ],
      "/Users/thomas.lightfoot/Projects/Week-Six/makers-bnb/spec/database_connection_spec.rb": [
        1,
        null,
        1,
        1,
        1,
        1,
        null,
        1,
        null,
        null,
        1,
        1,
        null,
        1,
        null,
        null,
        null,
        1,
        1,
        1,
        null,
        1,
        null,
        1,
        null,
        null,
        null
      ],
      "/Users/thomas.lightfoot/Projects/Week-Six/makers-bnb/spec/features/infrastructure_spec.rb": [
        1,
        1,
        1,
        1,
        null,
        null
      ],
      "/Users/thomas.lightfoot/Projects/Week-Six/makers-bnb/spec/features/new_space_spec.rb": [
        1,
        1,
        1,
        1,
        1,
        1,
        1,
        1,
        1,
        null,
        null
      ],
      "/Users/thomas.lightfoot/Projects/Week-Six/makers-bnb/spec/features/spaces_spec.rb": [
        1,
        1,
        1,
        1,
        1,
        null,
        null
      ],
      "/Users/thomas.lightfoot/Projects/Week-Six/makers-bnb/spec/space_spec.rb": [
        1,
        null,
        1,
        null,
        1,
        6,
        null,
        null,
        null,
        null,
        null,
        null,
        1,
        1,
        null,
        null,
        1,
        1,
        1,
        null,
        null,
        1,
        1,
        null,
        null,
        1,
        1,
        null,
        null,
        1,
        1,
        null,
        null,
        1,
        1,
        null,
        null
      ],
      "/Users/thomas.lightfoot/Projects/Week-Six/makers-bnb/lib/space.rb": [
        1,
        null,
        1,
        null,
        1,
        null,
        1,
        6,
        6,
        6,
        6,
        6,
        null,
        null,
        1,
        6,
        null,
        null,
        null,
        6,
        null,
        null,
        null,
        null,
        null,
        null,
        null
      ]
    },
    "timestamp": 1541513146
  }
}
